# JRE version: OpenJDK Runtime Environment (17.0.6) (build 17.0.6+0-b2043.56-10027231)
# Java VM: OpenJDK 64-Bit Server VM (17.0.6+0-b2043.56-10027231, mixed mode, tiered, compressed oops, compressed class ptrs, g1 gc, windows-amd64)
GC Precious Log:
 CPUs: 8 total, 8 available
 Memory: 8034M
 Large Page Support: Disabled
 NUMA Support: Disabled
 Compressed Oops: Enabled (32-bit)
 Heap Region Size: 1M
 Heap Min Capacity: 8M
 Heap Initial Capacity: 126M
 Heap Max Capacity: 1536M
 Pre-touch: Disabled
 Parallel Workers: 8
 Concurrent Workers: 2
 Concurrent Refinement Workers: 8
 Periodic GC: Disabled
Heap:
 garbage-first heap   total 338944K, used 253024K [0x00000000a0000000, 0x0000000100000000)
  region size 1024K, 127 young (130048K), 5 survivors (5120K)
 Metaspace       used 122325K, committed 122880K, reserved 1163264K
  class space    used 14859K, committed 15104K, reserved 1048576K
GC Heap History (20 events):
Event: 109.265 GC heap before
{Heap before GC invocations=144 (full 0):
 garbage-first heap   total 338944K, used 144699K [0x00000000a0000000, 0x0000000100000000)
  region size 1024K, 57 young (58368K), 25 survivors (25600K)
 Metaspace       used 102676K, committed 103168K, reserved 1146880K
  class space    used 13188K, committed 13440K, reserved 1048576K
}
Event: 109.285 GC heap after
{Heap after GC invocations=145 (full 0):
 garbage-first heap   total 338944K, used 117605K [0x00000000a0000000, 0x0000000100000000)
  region size 1024K, 5 young (5120K), 5 survivors (5120K)
 Metaspace       used 102676K, committed 103168K, reserved 1146880K
  class space    used 13188K, committed 13440K, reserved 1048576K
}
Event: 114.304 GC heap before
{Heap before GC invocations=146 (full 0):
 garbage-first heap   total 338944K, used 276325K [0x00000000a0000000, 0x0000000100000000)
  region size 1024K, 161 young (164864K), 5 survivors (5120K)
 Metaspace       used 112374K, committed 112896K, reserved 1155072K
  class space    used 13998K, committed 14272K, reserved 1048576K
}
Event: 114.319 GC heap after
{Heap after GC invocations=147 (full 0):
 garbage-first heap   total 338944K, used 127082K [0x00000000a0000000, 0x0000000100000000)
  region size 1024K, 15 young (15360K), 15 survivors (15360K)
 Metaspace       used 112374K, committed 112896K, reserved 1155072K
  class space    used 13998K, committed 14272K, reserved 1048576K
}
Event: 114.350 GC heap before
{Heap before GC invocations=147 (full 0):
 garbage-first heap   total 338944K, used 128106K [0x00000000a0000000, 0x0000000100000000)
  region size 1024K, 16 young (16384K), 15 survivors (15360K)
 Metaspace       used 112379K, committed 112896K, reserved 1155072K
  class space    used 13998K, committed 14272K, reserved 1048576K
}
Event: 114.366 GC heap after
{Heap after GC invocations=148 (full 0):
 garbage-first heap   total 338944K, used 122076K [0x00000000a0000000, 0x0000000100000000)
  region size 1024K, 2 young (2048K), 2 survivors (2048K)
 Metaspace       used 112379K, committed 112896K, reserved 1155072K
  class space    used 13998K, committed 14272K, reserved 1048576K
}
Event: 118.166 GC heap before
{Heap before GC invocations=148 (full 0):
 garbage-first heap   total 338944K, used 279772K [0x00000000a0000000, 0x0000000100000000)
  region size 1024K, 150 young (153600K), 2 survivors (2048K)
 Metaspace       used 121055K, committed 121600K, reserved 1163264K
  class space    used 14722K, committed 14976K, reserved 1048576K
}
Event: 118.177 GC heap after
{Heap after GC invocations=149 (full 0):
 garbage-first heap   total 338944K, used 130348K [0x00000000a0000000, 0x0000000100000000)
  region size 1024K, 6 young (6144K), 6 survivors (6144K)
 Metaspace       used 121055K, committed 121600K, reserved 1163264K
  class space    used 14722K, committed 14976K, reserved 1048576K
}
Event: 118.640 GC heap before
{Heap before GC invocations=150 (full 0):
 garbage-first heap   total 338944K, used 273708K [0x00000000a0000000, 0x0000000100000000)
  region size 1024K, 149 young (152576K), 6 survivors (6144K)
 Metaspace       used 121057K, committed 121600K, reserved 1163264K
  class space    used 14722K, committed 14976K, reserved 1048576K
}
Event: 118.645 GC heap after
{Heap after GC invocations=151 (full 0):
 garbage-first heap   total 338944K, used 127459K [0x00000000a0000000, 0x0000000100000000)
  region size 1024K, 6 young (6144K), 6 survivors (6144K)
 Metaspace       used 121057K, committed 121600K, reserved 1163264K
  class space    used 14722K, committed 14976K, reserved 1048576K
}
Event: 118.671 GC heap before
{Heap before GC invocations=151 (full 0):
 garbage-first heap   total 338944K, used 137699K [0x00000000a0000000, 0x0000000100000000)
  region size 1024K, 16 young (16384K), 6 survivors (6144K)
 Metaspace       used 121057K, committed 121600K, reserved 1163264K
  class space    used 14722K, committed 14976K, reserved 1048576K
}
Event: 118.682 GC heap after
{Heap after GC invocations=152 (full 0):
 garbage-first heap   total 338944K, used 124570K [0x00000000a0000000, 0x0000000100000000)
  region size 1024K, 1 young (1024K), 1 survivors (1024K)
 Metaspace       used 121057K, committed 121600K, reserved 1163264K
  class space    used 14722K, committed 14976K, reserved 1048576K
}
Event: 119.058 GC heap before
{Heap before GC invocations=152 (full 0):
 garbage-first heap   total 338944K, used 282266K [0x00000000a0000000, 0x0000000100000000)
  region size 1024K, 155 young (158720K), 1 survivors (1024K)
 Metaspace       used 121057K, committed 121600K, reserved 1163264K
  class space    used 14722K, committed 14976K, reserved 1048576K
}
Event: 119.059 GC heap after
{Heap after GC invocations=153 (full 0):
 garbage-first heap   total 338944K, used 125047K [0x00000000a0000000, 0x0000000100000000)
  region size 1024K, 2 young (2048K), 2 survivors (2048K)
 Metaspace       used 121057K, committed 121600K, reserved 1163264K
  class space    used 14722K, committed 14976K, reserved 1048576K
}
Event: 119.360 GC heap before
{Heap before GC invocations=153 (full 0):
 garbage-first heap   total 338944K, used 284791K [0x00000000a0000000, 0x0000000100000000)
  region size 1024K, 158 young (161792K), 2 survivors (2048K)
 Metaspace       used 121057K, committed 121600K, reserved 1163264K
  class space    used 14722K, committed 14976K, reserved 1048576K
}
Event: 119.362 GC heap after
{Heap after GC invocations=154 (full 0):
 garbage-first heap   total 338944K, used 125835K [0x00000000a0000000, 0x0000000100000000)
  region size 1024K, 3 young (3072K), 3 survivors (3072K)
 Metaspace       used 121057K, committed 121600K, reserved 1163264K
  class space    used 14722K, committed 14976K, reserved 1048576K
}
Event: 119.795 GC heap before
{Heap before GC invocations=154 (full 0):
 garbage-first heap   total 338944K, used 287627K [0x00000000a0000000, 0x0000000100000000)
  region size 1024K, 161 young (164864K), 3 survivors (3072K)
 Metaspace       used 121057K, committed 121600K, reserved 1163264K
  class space    used 14722K, committed 14976K, reserved 1048576K
}
Event: 119.797 GC heap after
{Heap after GC invocations=155 (full 0):
 garbage-first heap   total 338944K, used 126604K [0x00000000a0000000, 0x0000000100000000)
  region size 1024K, 3 young (3072K), 3 survivors (3072K)
 Metaspace       used 121057K, committed 121600K, reserved 1163264K
  class space    used 14722K, committed 14976K, reserved 1048576K
}
Event: 120.476 GC heap before
{Heap before GC invocations=155 (full 0):
 garbage-first heap   total 338944K, used 294540K [0x00000000a0000000, 0x0000000100000000)
  region size 1024K, 164 young (167936K), 3 survivors (3072K)
 Metaspace       used 121988K, committed 122560K, reserved 1163264K
  class space    used 14819K, committed 15104K, reserved 1048576K
}
Event: 120.479 GC heap after
{Heap after GC invocations=156 (full 0):
 garbage-first heap   total 338944K, used 125024K [0x00000000a0000000, 0x0000000100000000)
  region size 1024K, 5 young (5120K), 5 survivors (5120K)
 Metaspace       used 121988K, committed 122560K, reserved 1163264K
  class space    used 14819K, committed 15104K, reserved 1048576K
}

