# JRE version: OpenJDK Runtime Environment (17.0.6) (build 17.0.6+0-b2043.56-10027231)
# Java VM: OpenJDK 64-Bit Server VM (17.0.6+0-b2043.56-10027231, mixed mode, tiered, compressed oops, compressed class ptrs, g1 gc, windows-amd64)
GC Precious Log:
 CPUs: 8 total, 8 available
 Memory: 8034M
 Large Page Support: Disabled
 NUMA Support: Disabled
 Compressed Oops: Enabled (32-bit)
 Heap Region Size: 1M
 Heap Min Capacity: 8M
 Heap Initial Capacity: 126M
 Heap Max Capacity: 1536M
 Pre-touch: Disabled
 Parallel Workers: 8
 Concurrent Workers: 2
 Concurrent Refinement Workers: 8
 Periodic GC: Disabled
Heap:
 garbage-first heap   total 173056K, used 87400K [0x00000000a0000000, 0x0000000100000000)
  region size 1024K, 1 young (1024K), 1 survivors (1024K)
 Metaspace       used 101002K, committed 101568K, reserved 1138688K
  class space    used 13415K, committed 13696K, reserved 1048576K
GC Heap History (20 events):
Event: 24.174 GC heap after
{Heap after GC invocations=54 (full 0):
 garbage-first heap   total 140288K, used 84426K [0x00000000a0000000, 0x0000000100000000)
  region size 1024K, 1 young (1024K), 1 survivors (1024K)
 Metaspace       used 88987K, committed 89664K, reserved 1130496K
  class space    used 11914K, committed 12224K, reserved 1048576K
}
Event: 24.534 GC heap before
{Heap before GC invocations=54 (full 0):
 garbage-first heap   total 140288K, used 114122K [0x00000000a0000000, 0x0000000100000000)
  region size 1024K, 30 young (30720K), 1 survivors (1024K)
 Metaspace       used 89579K, committed 90176K, reserved 1130496K
  class space    used 11970K, committed 12224K, reserved 1048576K
}
Event: 24.538 GC heap after
{Heap after GC invocations=55 (full 0):
 garbage-first heap   total 140288K, used 86212K [0x00000000a0000000, 0x0000000100000000)
  region size 1024K, 3 young (3072K), 3 survivors (3072K)
 Metaspace       used 89579K, committed 90176K, reserved 1130496K
  class space    used 11970K, committed 12224K, reserved 1048576K
}
Event: 25.316 GC heap before
{Heap before GC invocations=56 (full 0):
 garbage-first heap   total 152576K, used 114884K [0x00000000a0000000, 0x0000000100000000)
  region size 1024K, 31 young (31744K), 3 survivors (3072K)
 Metaspace       used 93177K, committed 93760K, reserved 1130496K
  class space    used 12398K, committed 12672K, reserved 1048576K
}
Event: 25.320 GC heap after
{Heap after GC invocations=57 (full 0):
 garbage-first heap   total 152576K, used 86693K [0x00000000a0000000, 0x0000000100000000)
  region size 1024K, 3 young (3072K), 3 survivors (3072K)
 Metaspace       used 93177K, committed 93760K, reserved 1130496K
  class space    used 12398K, committed 12672K, reserved 1048576K
}
Event: 25.427 GC heap before
{Heap before GC invocations=57 (full 0):
 garbage-first heap   total 152576K, used 89765K [0x00000000a0000000, 0x0000000100000000)
  region size 1024K, 7 young (7168K), 3 survivors (3072K)
 Metaspace       used 93731K, committed 94336K, reserved 1130496K
  class space    used 12446K, committed 12736K, reserved 1048576K
}
Event: 25.431 GC heap after
{Heap after GC invocations=58 (full 0):
 garbage-first heap   total 152576K, used 86068K [0x00000000a0000000, 0x0000000100000000)
  region size 1024K, 1 young (1024K), 1 survivors (1024K)
 Metaspace       used 93731K, committed 94336K, reserved 1130496K
  class space    used 12446K, committed 12736K, reserved 1048576K
}
Event: 26.878 GC heap before
{Heap before GC invocations=58 (full 0):
 garbage-first heap   total 152576K, used 126004K [0x00000000a0000000, 0x0000000100000000)
  region size 1024K, 40 young (40960K), 1 survivors (1024K)
 Metaspace       used 99792K, committed 100416K, reserved 1138688K
  class space    used 13222K, committed 13504K, reserved 1048576K
}
Event: 26.882 GC heap after
{Heap after GC invocations=59 (full 0):
 garbage-first heap   total 152576K, used 87167K [0x00000000a0000000, 0x0000000100000000)
  region size 1024K, 2 young (2048K), 2 survivors (2048K)
 Metaspace       used 99792K, committed 100416K, reserved 1138688K
  class space    used 13222K, committed 13504K, reserved 1048576K
}
Event: 27.671 GC heap before
{Heap before GC invocations=60 (full 0):
 garbage-first heap   total 152576K, used 127103K [0x00000000a0000000, 0x0000000100000000)
  region size 1024K, 41 young (41984K), 2 survivors (2048K)
 Metaspace       used 101001K, committed 101568K, reserved 1138688K
  class space    used 13414K, committed 13696K, reserved 1048576K
}
Event: 27.676 GC heap after
{Heap after GC invocations=61 (full 0):
 garbage-first heap   total 152576K, used 88308K [0x00000000a0000000, 0x0000000100000000)
  region size 1024K, 4 young (4096K), 4 survivors (4096K)
 Metaspace       used 101001K, committed 101568K, reserved 1138688K
  class space    used 13414K, committed 13696K, reserved 1048576K
}
Event: 27.694 GC heap before
{Heap before GC invocations=61 (full 0):
 garbage-first heap   total 152576K, used 90356K [0x00000000a0000000, 0x0000000100000000)
  region size 1024K, 7 young (7168K), 4 survivors (4096K)
 Metaspace       used 101001K, committed 101568K, reserved 1138688K
  class space    used 13414K, committed 13696K, reserved 1048576K
}
Event: 27.698 GC heap after
{Heap after GC invocations=62 (full 0):
 garbage-first heap   total 152576K, used 87689K [0x00000000a0000000, 0x0000000100000000)
  region size 1024K, 1 young (1024K), 1 survivors (1024K)
 Metaspace       used 101001K, committed 101568K, reserved 1138688K
  class space    used 13414K, committed 13696K, reserved 1048576K
}
Event: 27.906 GC heap before
{Heap before GC invocations=62 (full 0):
 garbage-first heap   total 152576K, used 127625K [0x00000000a0000000, 0x0000000100000000)
  region size 1024K, 40 young (40960K), 1 survivors (1024K)
 Metaspace       used 101001K, committed 101568K, reserved 1138688K
  class space    used 13414K, committed 13696K, reserved 1048576K
}
Event: 27.908 GC heap after
{Heap after GC invocations=63 (full 0):
 garbage-first heap   total 152576K, used 87921K [0x00000000a0000000, 0x0000000100000000)
  region size 1024K, 1 young (1024K), 1 survivors (1024K)
 Metaspace       used 101001K, committed 101568K, reserved 1138688K
  class space    used 13414K, committed 13696K, reserved 1048576K
}
Event: 28.133 GC heap before
{Heap before GC invocations=64 (full 0):
 garbage-first heap   total 173056K, used 129905K [0x00000000a0000000, 0x0000000100000000)
  region size 1024K, 42 young (43008K), 1 survivors (1024K)
 Metaspace       used 101002K, committed 101568K, reserved 1138688K
  class space    used 13415K, committed 13696K, reserved 1048576K
}
Event: 28.135 GC heap after
{Heap after GC invocations=65 (full 0):
 garbage-first heap   total 173056K, used 88479K [0x00000000a0000000, 0x0000000100000000)
  region size 1024K, 2 young (2048K), 2 survivors (2048K)
 Metaspace       used 101002K, committed 101568K, reserved 1138688K
  class space    used 13415K, committed 13696K, reserved 1048576K
}
Event: 28.153 GC heap before
{Heap before GC invocations=65 (full 0):
 garbage-first heap   total 173056K, used 94623K [0x00000000a0000000, 0x0000000100000000)
  region size 1024K, 8 young (8192K), 2 survivors (2048K)
 Metaspace       used 101002K, committed 101568K, reserved 1138688K
  class space    used 13415K, committed 13696K, reserved 1048576K
}
Event: 28.155 GC heap after
{Heap after GC invocations=66 (full 0):
 garbage-first heap   total 173056K, used 86641K [0x00000000a0000000, 0x0000000100000000)
  region size 1024K, 1 young (1024K), 1 survivors (1024K)
 Metaspace       used 101002K, committed 101568K, reserved 1138688K
  class space    used 13415K, committed 13696K, reserved 1048576K
}
Event: 28.366 GC heap before
{Heap before GC invocations=66 (full 0):
 garbage-first heap   total 173056K, used 148081K [0x00000000a0000000, 0x0000000100000000)
  region size 1024K, 61 young (62464K), 1 survivors (1024K)
 Metaspace       used 101002K, committed 101568K, reserved 1138688K
  class space    used 13415K, committed 13696K, reserved 1048576K
}

