# JRE version: OpenJDK Runtime Environment (17.0.6) (build 17.0.6+0-b2043.56-10027231)
# Java VM: OpenJDK 64-Bit Server VM (17.0.6+0-b2043.56-10027231, mixed mode, tiered, compressed oops, compressed class ptrs, g1 gc, windows-amd64)
GC Precious Log:
 CPUs: 8 total, 8 available
 Memory: 8034M
 Large Page Support: Disabled
 NUMA Support: Disabled
 Compressed Oops: Enabled (32-bit)
 Heap Region Size: 1M
 Heap Min Capacity: 8M
 Heap Initial Capacity: 126M
 Heap Max Capacity: 1536M
 Pre-touch: Disabled
 Parallel Workers: 8
 Concurrent Workers: 2
 Concurrent Refinement Workers: 8
 Periodic GC: Disabled
Heap:
 garbage-first heap   total 91136K, used 61862K [0x00000000a0000000, 0x0000000100000000)
  region size 1024K, 25 young (25600K), 3 survivors (3072K)
 Metaspace       used 64975K, committed 65472K, reserved 1105920K
  class space    used 8399K, committed 8640K, reserved 1048576K
GC Heap History (20 events):
Event: 4.237 GC heap before
{Heap before GC invocations=6 (full 0):
 garbage-first heap   total 65536K, used 45107K [0x00000000a0000000, 0x0000000100000000)
  region size 1024K, 26 young (26624K), 1 survivors (1024K)
 Metaspace       used 30290K, committed 30592K, reserved 1081344K
  class space    used 4093K, committed 4224K, reserved 1048576K
}
Event: 4.240 GC heap after
{Heap after GC invocations=7 (full 0):
 garbage-first heap   total 65536K, used 20412K [0x00000000a0000000, 0x0000000100000000)
  region size 1024K, 2 young (2048K), 2 survivors (2048K)
 Metaspace       used 30290K, committed 30592K, reserved 1081344K
  class space    used 4093K, committed 4224K, reserved 1048576K
}
Event: 4.767 GC heap before
{Heap before GC invocations=7 (full 0):
 garbage-first heap   total 65536K, used 44988K [0x00000000a0000000, 0x0000000100000000)
  region size 1024K, 27 young (27648K), 2 survivors (2048K)
 Metaspace       used 35695K, committed 35968K, reserved 1081344K
  class space    used 4740K, committed 4864K, reserved 1048576K
}
Event: 4.772 GC heap after
{Heap after GC invocations=8 (full 0):
 garbage-first heap   total 65536K, used 22475K [0x00000000a0000000, 0x0000000100000000)
  region size 1024K, 4 young (4096K), 4 survivors (4096K)
 Metaspace       used 35695K, committed 35968K, reserved 1081344K
  class space    used 4740K, committed 4864K, reserved 1048576K
}
Event: 5.165 GC heap before
{Heap before GC invocations=9 (full 0):
 garbage-first heap   total 65536K, used 47051K [0x00000000a0000000, 0x0000000100000000)
  region size 1024K, 29 young (29696K), 4 survivors (4096K)
 Metaspace       used 38483K, committed 38784K, reserved 1089536K
  class space    used 5061K, committed 5184K, reserved 1048576K
}
Event: 5.172 GC heap after
{Heap after GC invocations=10 (full 0):
 garbage-first heap   total 65536K, used 25973K [0x00000000a0000000, 0x0000000100000000)
  region size 1024K, 4 young (4096K), 4 survivors (4096K)
 Metaspace       used 38483K, committed 38784K, reserved 1089536K
  class space    used 5061K, committed 5184K, reserved 1048576K
}
Event: 5.595 GC heap before
{Heap before GC invocations=10 (full 0):
 garbage-first heap   total 65536K, used 48501K [0x00000000a0000000, 0x0000000100000000)
  region size 1024K, 26 young (26624K), 4 survivors (4096K)
 Metaspace       used 41776K, committed 42112K, reserved 1089536K
  class space    used 5616K, committed 5760K, reserved 1048576K
}
Event: 5.599 GC heap after
{Heap after GC invocations=11 (full 0):
 garbage-first heap   total 91136K, used 26934K [0x00000000a0000000, 0x0000000100000000)
  region size 1024K, 2 young (2048K), 2 survivors (2048K)
 Metaspace       used 41776K, committed 42112K, reserved 1089536K
  class space    used 5616K, committed 5760K, reserved 1048576K
}
Event: 6.040 GC heap before
{Heap before GC invocations=11 (full 0):
 garbage-first heap   total 91136K, used 65846K [0x00000000a0000000, 0x0000000100000000)
  region size 1024K, 40 young (40960K), 2 survivors (2048K)
 Metaspace       used 43462K, committed 43776K, reserved 1089536K
  class space    used 5804K, committed 5888K, reserved 1048576K
}
Event: 6.043 GC heap after
{Heap after GC invocations=12 (full 0):
 garbage-first heap   total 91136K, used 27825K [0x00000000a0000000, 0x0000000100000000)
  region size 1024K, 3 young (3072K), 3 survivors (3072K)
 Metaspace       used 43462K, committed 43776K, reserved 1089536K
  class space    used 5804K, committed 5888K, reserved 1048576K
}
Event: 6.743 GC heap before
{Heap before GC invocations=12 (full 0):
 garbage-first heap   total 91136K, used 70833K [0x00000000a0000000, 0x0000000100000000)
  region size 1024K, 42 young (43008K), 3 survivors (3072K)
 Metaspace       used 47089K, committed 47488K, reserved 1097728K
  class space    used 6178K, committed 6336K, reserved 1048576K
}
Event: 6.747 GC heap after
{Heap after GC invocations=13 (full 0):
 garbage-first heap   total 91136K, used 30719K [0x00000000a0000000, 0x0000000100000000)
  region size 1024K, 6 young (6144K), 6 survivors (6144K)
 Metaspace       used 47089K, committed 47488K, reserved 1097728K
  class space    used 6178K, committed 6336K, reserved 1048576K
}
Event: 7.493 GC heap before
{Heap before GC invocations=13 (full 0):
 garbage-first heap   total 91136K, used 69631K [0x00000000a0000000, 0x0000000100000000)
  region size 1024K, 44 young (45056K), 6 survivors (6144K)
 Metaspace       used 50323K, committed 50688K, reserved 1097728K
  class space    used 6711K, committed 6848K, reserved 1048576K
}
Event: 7.499 GC heap after
{Heap after GC invocations=14 (full 0):
 garbage-first heap   total 91136K, used 32871K [0x00000000a0000000, 0x0000000100000000)
  region size 1024K, 6 young (6144K), 6 survivors (6144K)
 Metaspace       used 50323K, committed 50688K, reserved 1097728K
  class space    used 6711K, committed 6848K, reserved 1048576K
}
Event: 7.945 GC heap before
{Heap before GC invocations=14 (full 0):
 garbage-first heap   total 91136K, used 71783K [0x00000000a0000000, 0x0000000100000000)
  region size 1024K, 43 young (44032K), 6 survivors (6144K)
 Metaspace       used 53218K, committed 53632K, reserved 1097728K
  class space    used 7045K, committed 7232K, reserved 1048576K
}
Event: 7.952 GC heap after
{Heap after GC invocations=15 (full 0):
 garbage-first heap   total 91136K, used 35549K [0x00000000a0000000, 0x0000000100000000)
  region size 1024K, 5 young (5120K), 5 survivors (5120K)
 Metaspace       used 53218K, committed 53632K, reserved 1097728K
  class space    used 7045K, committed 7232K, reserved 1048576K
}
Event: 9.201 GC heap before
{Heap before GC invocations=15 (full 0):
 garbage-first heap   total 91136K, used 65245K [0x00000000a0000000, 0x0000000100000000)
  region size 1024K, 35 young (35840K), 5 survivors (5120K)
 Metaspace       used 60095K, committed 60480K, reserved 1105920K
  class space    used 7952K, committed 8128K, reserved 1048576K
}
Event: 9.206 GC heap after
{Heap after GC invocations=16 (full 0):
 garbage-first heap   total 91136K, used 38764K [0x00000000a0000000, 0x0000000100000000)
  region size 1024K, 6 young (6144K), 6 survivors (6144K)
 Metaspace       used 60095K, committed 60480K, reserved 1105920K
  class space    used 7952K, committed 8128K, reserved 1048576K
}
Event: 12.082 GC heap before
{Heap before GC invocations=17 (full 0):
 garbage-first heap   total 91136K, used 70508K [0x00000000a0000000, 0x0000000100000000)
  region size 1024K, 38 young (38912K), 6 survivors (6144K)
 Metaspace       used 64519K, committed 65024K, reserved 1105920K
  class space    used 8391K, committed 8640K, reserved 1048576K
}
Event: 12.089 GC heap after
{Heap after GC invocations=18 (full 0):
 garbage-first heap   total 91136K, used 41382K [0x00000000a0000000, 0x0000000100000000)
  region size 1024K, 3 young (3072K), 3 survivors (3072K)
 Metaspace       used 64519K, committed 65024K, reserved 1105920K
  class space    used 8391K, committed 8640K, reserved 1048576K
}

