# JRE version: OpenJDK Runtime Environment (17.0.6) (build 17.0.6+0-b2043.56-10027231)
# Java VM: OpenJDK 64-Bit Server VM (17.0.6+0-b2043.56-10027231, mixed mode, tiered, compressed oops, compressed class ptrs, g1 gc, windows-amd64)
GC Precious Log:
 CPUs: 8 total, 8 available
 Memory: 8034M
 Large Page Support: Disabled
 NUMA Support: Disabled
 Compressed Oops: Enabled (32-bit)
 Heap Region Size: 1M
 Heap Min Capacity: 8M
 Heap Initial Capacity: 126M
 Heap Max Capacity: 1536M
 Pre-touch: Disabled
 Parallel Workers: 8
 Concurrent Workers: 2
 Concurrent Refinement Workers: 8
 Periodic GC: Disabled
Heap:
 garbage-first heap   total 224256K, used 114775K [0x00000000a0000000, 0x0000000100000000)
  region size 1024K, 32 young (32768K), 5 survivors (5120K)
 Metaspace       used 95597K, committed 96384K, reserved 1138688K
  class space    used 13233K, committed 13568K, reserved 1048576K
GC Heap History (20 events):
Event: 24.879 GC heap before
{Heap before GC invocations=51 (full 0):
 garbage-first heap   total 128000K, used 94051K [0x00000000a0000000, 0x0000000100000000)
  region size 1024K, 30 young (30720K), 4 survivors (4096K)
 Metaspace       used 79819K, committed 80512K, reserved 1122304K
  class space    used 10821K, committed 11136K, reserved 1048576K
}
Event: 24.885 GC heap after
{Heap after GC invocations=52 (full 0):
 garbage-first heap   total 128000K, used 68624K [0x00000000a0000000, 0x0000000100000000)
  region size 1024K, 2 young (2048K), 2 survivors (2048K)
 Metaspace       used 79819K, committed 80512K, reserved 1122304K
  class space    used 10821K, committed 11136K, reserved 1048576K
}
Event: 25.313 GC heap before
{Heap before GC invocations=52 (full 0):
 garbage-first heap   total 128000K, used 101392K [0x00000000a0000000, 0x0000000100000000)
  region size 1024K, 34 young (34816K), 2 survivors (2048K)
 Metaspace       used 79995K, committed 80640K, reserved 1122304K
  class space    used 10843K, committed 11136K, reserved 1048576K
}
Event: 25.319 GC heap after
{Heap after GC invocations=53 (full 0):
 garbage-first heap   total 128000K, used 70618K [0x00000000a0000000, 0x0000000100000000)
  region size 1024K, 4 young (4096K), 4 survivors (4096K)
 Metaspace       used 79995K, committed 80640K, reserved 1122304K
  class space    used 10843K, committed 11136K, reserved 1048576K
}
Event: 26.228 GC heap before
{Heap before GC invocations=54 (full 0):
 garbage-first heap   total 128000K, used 102362K [0x00000000a0000000, 0x0000000100000000)
  region size 1024K, 35 young (35840K), 4 survivors (4096K)
 Metaspace       used 82442K, committed 83072K, reserved 1122304K
  class space    used 11217K, committed 11520K, reserved 1048576K
}
Event: 26.234 GC heap after
{Heap after GC invocations=55 (full 0):
 garbage-first heap   total 128000K, used 73292K [0x00000000a0000000, 0x0000000100000000)
  region size 1024K, 5 young (5120K), 5 survivors (5120K)
 Metaspace       used 82442K, committed 83072K, reserved 1122304K
  class space    used 11217K, committed 11520K, reserved 1048576K
}
Event: 27.061 GC heap before
{Heap before GC invocations=55 (full 0):
 garbage-first heap   total 128000K, used 104012K [0x00000000a0000000, 0x0000000100000000)
  region size 1024K, 35 young (35840K), 5 survivors (5120K)
 Metaspace       used 85784K, committed 86464K, reserved 1130496K
  class space    used 11821K, committed 12096K, reserved 1048576K
}
Event: 27.069 GC heap after
{Heap after GC invocations=56 (full 0):
 garbage-first heap   total 128000K, used 75753K [0x00000000a0000000, 0x0000000100000000)
  region size 1024K, 3 young (3072K), 3 survivors (3072K)
 Metaspace       used 85784K, committed 86464K, reserved 1130496K
  class space    used 11821K, committed 12096K, reserved 1048576K
}
Event: 27.541 GC heap before
{Heap before GC invocations=57 (full 0):
 garbage-first heap   total 137216K, used 103401K [0x00000000a0000000, 0x0000000100000000)
  region size 1024K, 30 young (30720K), 3 survivors (3072K)
 Metaspace       used 86885K, committed 87616K, reserved 1130496K
  class space    used 11981K, committed 12288K, reserved 1048576K
}
Event: 27.550 GC heap after
{Heap after GC invocations=58 (full 0):
 garbage-first heap   total 137216K, used 78493K [0x00000000a0000000, 0x0000000100000000)
  region size 1024K, 4 young (4096K), 4 survivors (4096K)
 Metaspace       used 86885K, committed 87616K, reserved 1130496K
  class space    used 11981K, committed 12288K, reserved 1048576K
}
Event: 27.592 GC heap before
{Heap before GC invocations=58 (full 0):
 garbage-first heap   total 137216K, used 80541K [0x00000000a0000000, 0x0000000100000000)
  region size 1024K, 6 young (6144K), 4 survivors (4096K)
 Metaspace       used 86936K, committed 87616K, reserved 1130496K
  class space    used 11989K, committed 12288K, reserved 1048576K
}
Event: 27.596 GC heap after
{Heap after GC invocations=59 (full 0):
 garbage-first heap   total 137216K, used 79202K [0x00000000a0000000, 0x0000000100000000)
  region size 1024K, 1 young (1024K), 1 survivors (1024K)
 Metaspace       used 86936K, committed 87616K, reserved 1130496K
  class space    used 11989K, committed 12288K, reserved 1048576K
}
Event: 28.271 GC heap before
{Heap before GC invocations=59 (full 0):
 garbage-first heap   total 137216K, used 111970K [0x00000000a0000000, 0x0000000100000000)
  region size 1024K, 33 young (33792K), 1 survivors (1024K)
 Metaspace       used 88812K, committed 89472K, reserved 1130496K
  class space    used 12274K, committed 12544K, reserved 1048576K
}
Event: 28.275 GC heap after
{Heap after GC invocations=60 (full 0):
 garbage-first heap   total 137216K, used 82063K [0x00000000a0000000, 0x0000000100000000)
  region size 1024K, 4 young (4096K), 4 survivors (4096K)
 Metaspace       used 88812K, committed 89472K, reserved 1130496K
  class space    used 12274K, committed 12544K, reserved 1048576K
}
Event: 29.359 GC heap before
{Heap before GC invocations=61 (full 0):
 garbage-first heap   total 143360K, used 112783K [0x00000000a0000000, 0x0000000100000000)
  region size 1024K, 34 young (34816K), 4 survivors (4096K)
 Metaspace       used 93394K, committed 94080K, reserved 1130496K
  class space    used 12942K, committed 13248K, reserved 1048576K
}
Event: 29.366 GC heap after
{Heap after GC invocations=62 (full 0):
 garbage-first heap   total 143360K, used 84311K [0x00000000a0000000, 0x0000000100000000)
  region size 1024K, 3 young (3072K), 3 survivors (3072K)
 Metaspace       used 93394K, committed 94080K, reserved 1130496K
  class space    used 12942K, committed 13248K, reserved 1048576K
}
Event: 29.416 GC heap before
{Heap before GC invocations=62 (full 0):
 garbage-first heap   total 143360K, used 88407K [0x00000000a0000000, 0x0000000100000000)
  region size 1024K, 7 young (7168K), 3 survivors (3072K)
 Metaspace       used 93566K, committed 94336K, reserved 1130496K
  class space    used 12968K, committed 13312K, reserved 1048576K
}
Event: 29.421 GC heap after
{Heap after GC invocations=63 (full 0):
 garbage-first heap   total 143360K, used 84168K [0x00000000a0000000, 0x0000000100000000)
  region size 1024K, 1 young (1024K), 1 survivors (1024K)
 Metaspace       used 93566K, committed 94336K, reserved 1130496K
  class space    used 12968K, committed 13312K, reserved 1048576K
}
Event: 29.956 GC heap before
{Heap before GC invocations=63 (full 0):
 garbage-first heap   total 143360K, used 117960K [0x00000000a0000000, 0x0000000100000000)
  region size 1024K, 35 young (35840K), 1 survivors (1024K)
 Metaspace       used 95084K, committed 95808K, reserved 1138688K
  class space    used 13149K, committed 13440K, reserved 1048576K
}
Event: 29.962 GC heap after
{Heap after GC invocations=64 (full 0):
 garbage-first heap   total 224256K, used 88151K [0x00000000a0000000, 0x0000000100000000)
  region size 1024K, 5 young (5120K), 5 survivors (5120K)
 Metaspace       used 95084K, committed 95808K, reserved 1138688K
  class space    used 13149K, committed 13440K, reserved 1048576K
}

